\BOOKMARK [1][-]{section.1}{\376\377\133\236\145\160\174\373\127\372\147\054\133\232\164\006}{}% 1
\BOOKMARK [2][-]{subsection.1.1}{\376\377\133\236\145\160\217\336\176\355\140\047}{section.1}% 2
\BOOKMARK [2][-]{subsection.1.2}{\376\377\133\236\145\160\225\355\123\072\225\364\175\047\201\364\140\047}{section.1}% 3
\BOOKMARK [2][-]{subsection.1.3}{\376\377\133\236\145\160\133\214\131\007\140\047}{section.1}% 4
\BOOKMARK [1][-]{section.2}{\376\377\147\201\226\120}{}% 5
\BOOKMARK [2][-]{subsection.2.1}{\376\377\145\160\122\027\147\201\226\120\116\016\121\375\145\160\147\201\226\120\133\371\153\324}{section.2}% 6
\BOOKMARK [2][-]{subsection.2.2}{\376\377\147\201\226\120\166\204\126\333\122\031\217\320\173\227}{section.2}% 7
\BOOKMARK [2][-]{subsection.2.3}{\376\377\121\340\116\052\221\315\211\201\147\201\226\120}{section.2}% 8
\BOOKMARK [2][-]{subsection.2.4}{\376\377\165\050\133\232\116\111\213\301\146\016\147\201\226\120}{section.2}% 9
\BOOKMARK [2][-]{subsection.2.5}{\376\377\165\050\121\166\116\326\145\271\154\325\213\301\146\016\147\201\226\120}{section.2}% 10
\BOOKMARK [2][-]{subsection.2.6}{\376\377\145\340\172\167\134\017\221\317}{section.2}% 11
\BOOKMARK [1][-]{section.3}{\376\377\121\375\145\160\166\204\116\000\122\007}{}% 12
\BOOKMARK [2][-]{subsection.3.1}{\376\377\121\375\145\160\166\204\127\372\147\054\140\047\215\050}{section.3}% 13
\BOOKMARK [2][-]{subsection.3.2}{\376\377\121\370\121\375\145\160}{section.3}% 14
\BOOKMARK [2][-]{subsection.3.3}{\376\377\123\315\121\375\145\160}{section.3}% 15
\BOOKMARK [2][-]{subsection.3.4}{\376\377\131\015\124\010\121\375\145\160\147\201\226\120\154\325\122\031\116\016\121\375\145\160\217\336\176\355\140\047\166\204\121\163\174\373}{section.3}% 16
\BOOKMARK [2][-]{subsection.3.5}{\376\377\225\355\123\072\225\364\217\336\176\355\121\375\145\160\140\047\215\050}{section.3}% 17
\BOOKMARK [1][-]{section.4}{\376\377\137\256\125\106\116\016\137\256\122\006}{}% 18
\BOOKMARK [2][-]{subsection.4.1}{\376\377\137\256\122\006}{section.4}% 19
\BOOKMARK [2][-]{subsection.4.2}{\376\377\154\102\133\374}{section.4}% 20
\BOOKMARK [2][-]{subsection.4.3}{\376\377\137\256\122\006\116\055\120\074\133\232\164\006}{section.4}% 21
\BOOKMARK [2][-]{subsection.4.4}{\376\377\137\256\122\006\145\271\172\013}{section.4}% 22
\BOOKMARK [1][-]{section.5}{\376\377\116\015\133\232\171\357\122\006}{}% 23
\BOOKMARK [2][-]{subsection.5.1}{\376\377\116\011\171\315\127\372\147\054\171\357\122\006\145\271\154\325}{section.5}% 24
\BOOKMARK [2][-]{subsection.5.2}{\376\377\136\070\211\301\121\154\137\017}{section.5}% 25
\BOOKMARK [2][-]{subsection.5.3}{\376\377\116\015\124\014\174\173\127\213\171\357\122\006\166\204\136\070\211\301\140\035\215\357}{section.5}% 26
\BOOKMARK [2][-]{subsection.5.4}{\376\377\117\213\230\230}{section.5}% 27
\BOOKMARK [1][-]{section.6}{\376\377\133\232\171\357\122\006}{}% 28
\BOOKMARK [2][-]{subsection.6.1}{\376\377\236\316\146\374\171\357\122\006}{section.6}% 29
\BOOKMARK [2][-]{subsection.6.2}{\376\377\123\357\171\357\140\047}{section.6}% 30
\BOOKMARK [2][-]{subsection.6.3}{\376\377\133\232\171\357\122\006\166\204\213\241\173\227}{section.6}% 31
\BOOKMARK [2][-]{subsection.6.4}{\376\377\133\232\171\357\122\006\166\204\217\321\117\074\213\241\173\227}{section.6}% 32
\BOOKMARK [1][-]{section.7}{\376\377\145\340\172\167\176\247\145\160\116\016\136\177\116\111\171\357\122\006}{}% 33
\BOOKMARK [2][-]{subsection.7.1}{\376\377\176\247\145\160\166\204\127\372\147\054\140\047\215\050}{section.7}% 34
\BOOKMARK [2][-]{subsection.7.2}{\376\377\136\177\116\111\171\357\122\006}{section.7}% 35
\BOOKMARK [2][-]{subsection.7.3}{\376\377\121\375\145\160\230\171\176\247\145\160}{section.7}% 36
\BOOKMARK [2][-]{subsection.7.4}{\376\377\145\133\145\143\140\047\122\044\133\232\145\271\154\325\140\073\176\323}{section.7}% 37
\BOOKMARK [1][-]{section.8}{\376\377\136\102\176\247\145\160}{}% 38
\BOOKMARK [2][-]{subsection.8.1}{\376\377\145\066\145\133\123\112\137\204\116\016\145\066\145\133\127\337}{section.8}% 39
\BOOKMARK [2][-]{subsection.8.2}{\376\377\154\360\122\322\121\154\137\017}{section.8}% 40
\BOOKMARK [1][-]{section.9}{\376\377\120\205\221\314\123\366\176\247\145\160}{}% 41
\BOOKMARK [2][-]{subsection.9.1}{\376\377\127\372\147\054\151\202\137\365}{section.9}% 42
\BOOKMARK [2][-]{subsection.9.2}{\376\377\145\066\145\133\140\047}{section.9}% 43
\BOOKMARK [1][-]{section.10}{\376\377\131\032\121\103\121\375\145\160\173\200\116\313}{}% 44
\BOOKMARK [2][-]{subsection.10.1}{\376\377\136\163\227\142\160\271\226\306}{section.10}% 45
\BOOKMARK [2][-]{subsection.10.2}{\376\377\136\163\227\142\160\271\122\027\166\204\140\047\215\050}{section.10}% 46
\BOOKMARK [2][-]{subsection.10.3}{\376\377\131\032\121\103\121\375\145\160\166\204\147\201\226\120}{section.10}% 47
\BOOKMARK [2][-]{subsection.10.4}{\376\377\131\032\121\103\121\375\145\160\166\204\217\336\176\355\140\047}{section.10}% 48
\BOOKMARK [1][-]{section.11}{\376\377\131\032\121\103\121\375\145\160\166\204\137\256\122\006}{}% 49
\BOOKMARK [2][-]{subsection.11.1}{\376\377\137\256\122\006}{section.11}% 50
\BOOKMARK [2][-]{subsection.11.2}{\376\377\131\015\124\010\121\375\145\160\120\117\133\374\145\160}{section.11}% 51
\BOOKMARK [2][-]{subsection.11.3}{\376\377\226\220\121\375\145\160\120\117\133\374\145\160}{section.11}% 52
\BOOKMARK [2][-]{subsection.11.4}{\376\377\226\220\121\375\145\160\133\130\127\050\133\232\164\006}{section.11}% 53
\BOOKMARK [2][-]{subsection.11.5}{\376\377\154\360\122\322\121\154\137\017}{section.11}% 54
\BOOKMARK [2][-]{subsection.11.6}{\376\377\131\032\121\103\121\375\145\160\166\204\147\201\120\074}{section.11}% 55
\BOOKMARK [1][-]{section.12}{\376\377\131\032\121\103\121\375\145\160\166\204\171\357\122\006}{}% 56
\BOOKMARK [2][-]{subsection.12.1}{\376\377\221\315\171\357\122\006\151\202\217\360}{section.12}% 57
\BOOKMARK [2][-]{subsection.12.2}{\376\377\221\315\171\357\122\006\166\204\123\330\221\317\116\343\143\142}{section.12}% 58
\BOOKMARK [2][-]{subsection.12.3}{\376\377\124\053\123\302\123\330\221\317\153\143\136\070\171\357\122\006}{section.12}% 59
\BOOKMARK [2][-]{subsection.12.4}{\376\377\124\053\123\302\123\330\221\317\136\177\116\111\171\357\122\006}{section.12}% 60
\BOOKMARK [2][-]{subsection.12.5}{\376\377\153\047\142\311\171\357\122\006}{section.12}% 61
\BOOKMARK [1][-]{section.13}{\376\377\146\362\176\277\171\357\122\006\116\016\146\362\227\142\171\357\122\006}{}% 62
\BOOKMARK [2][-]{subsection.13.1}{\376\377\173\054\116\000\127\213\146\362\176\277\123\312\146\362\227\142\171\357\122\006}{section.13}% 63
\BOOKMARK [2][-]{subsection.13.2}{\376\377\173\054\116\214\127\213\146\362\176\277\123\312\146\362\227\142\171\357\122\006}{section.13}% 64
\BOOKMARK [2][-]{subsection.13.3}{\376\377\124\004\174\173\171\357\122\006\116\113\225\364\166\204\200\124\174\373}{section.13}% 65
\BOOKMARK [2][-]{subsection.13.4}{\376\377\171\357\122\006\116\016\215\357\137\204\145\340\121\163}{section.13}% 66
\BOOKMARK [1][-]{section.14}{\376\377\127\072\213\272\122\035\153\145}{}% 67
\BOOKMARK [1][-]{section.15}{\376\377\137\256\171\357\122\006\166\204\136\224\165\050}{}% 68
\BOOKMARK [2][-]{subsection.15.1}{\376\377\122\007\176\277\116\016\154\325\176\277}{section.15}% 69
\BOOKMARK [2][-]{subsection.15.2}{\376\377\137\047\225\177}{section.15}% 70
\BOOKMARK [2][-]{subsection.15.3}{\376\377\227\142\171\357}{section.15}% 71
\BOOKMARK [2][-]{subsection.15.4}{\376\377\117\123\171\357}{section.15}% 72
\BOOKMARK [2][-]{subsection.15.5}{\376\377\146\362\163\207}{section.15}% 73
\BOOKMARK [2][-]{subsection.15.6}{\376\377\210\150\227\142\171\357}{section.15}% 74
\BOOKMARK [2][-]{subsection.15.7}{\376\377\162\151\164\006\221\317}{section.15}% 75
